Performing Other Test HAVE_OFF64_T failed with the following output:
Change Dir: '/Users/runner/_work/imagingsuite/imagingsuite/Cache/p/b/hdf5228868ffdc3ba/b/build/Release/CMakeFiles/CMakeTmp'

Run Build Command(s): /Users/runner/_work/imagingsuite/imagingsuite/Cache/p/cmake4982b1fbe8ce5/p/CMake.app/Contents/bin/cmake -E env VERBOSE=1 /usr/bin/make -f Makefile cmTC_6ff71/fast
/Applications/Xcode_15.0.1.app/Contents/Developer/usr/bin/make  -f CMakeFiles/cmTC_6ff71.dir/build.make CMakeFiles/cmTC_6ff71.dir/build
Building C object CMakeFiles/cmTC_6ff71.dir/HDFTests.c.o
/Applications/Xcode_15.0.1.app/Contents/Developer/Toolchains/XcodeDefault.xctoolchain/usr/bin/cc   -arch arm64 -isysroot /Applications/Xcode_15.0.1.app/Contents/Developer/Platforms/MacOSX.platform/Developer/SDKs/MacOSX14.0.sdk   -DHAVE_OFF64_T  -DHAVE_SYS_TIME_H -DHAVE_UNISTD_H -DHAVE_SYS_TYPES_H -DHAVE_SYS_SOCKET_H -MD -MT CMakeFiles/cmTC_6ff71.dir/HDFTests.c.o -MF CMakeFiles/cmTC_6ff71.dir/HDFTests.c.o.d -o CMakeFiles/cmTC_6ff71.dir/HDFTests.c.o -c /Users/runner/_work/imagingsuite/imagingsuite/Cache/p/b/hdf5228868ffdc3ba/b/src/config/cmake/HDFTests.c
/Users/runner/_work/imagingsuite/imagingsuite/Cache/p/b/hdf5228868ffdc3ba/b/src/config/cmake/HDFTests.c:98:5: error: unknown type name 'off64_t'; did you mean 'off_t'?
    off64_t n = 0;
    ^~~~~~~
    off_t
/Applications/Xcode_15.0.1.app/Contents/Developer/Platforms/MacOSX.platform/Developer/SDKs/MacOSX14.0.sdk/usr/include/sys/_types/_off_t.h:31:33: note: 'off_t' declared here
typedef __darwin_off_t          off_t;
                                ^
1 error generated.
make[1]: *** [CMakeFiles/cmTC_6ff71.dir/HDFTests.c.o] Error 1
make: *** [cmTC_6ff71/fast] Error 2


Performing Other Test HAVE_TM_ZONE failed with the following output:
Change Dir: '/Users/runner/_work/imagingsuite/imagingsuite/Cache/p/b/hdf5228868ffdc3ba/b/build/Release/CMakeFiles/CMakeTmp'

Run Build Command(s): /Users/runner/_work/imagingsuite/imagingsuite/Cache/p/cmake4982b1fbe8ce5/p/CMake.app/Contents/bin/cmake -E env VERBOSE=1 /usr/bin/make -f Makefile cmTC_b5372/fast
/Applications/Xcode_15.0.1.app/Contents/Developer/usr/bin/make  -f CMakeFiles/cmTC_b5372.dir/build.make CMakeFiles/cmTC_b5372.dir/build
Building C object CMakeFiles/cmTC_b5372.dir/HDFTests.c.o
/Applications/Xcode_15.0.1.app/Contents/Developer/Toolchains/XcodeDefault.xctoolchain/usr/bin/cc   -arch arm64 -isysroot /Applications/Xcode_15.0.1.app/Contents/Developer/Platforms/MacOSX.platform/Developer/SDKs/MacOSX14.0.sdk   -DHAVE_TM_ZONE  -DHAVE_SYS_TIME_H -DHAVE_UNISTD_H -DHAVE_SYS_TYPES_H -DHAVE_SYS_SOCKET_H -MD -MT CMakeFiles/cmTC_b5372.dir/HDFTests.c.o -MF CMakeFiles/cmTC_b5372.dir/HDFTests.c.o.d -o CMakeFiles/cmTC_b5372.dir/HDFTests.c.o -c /Users/runner/_work/imagingsuite/imagingsuite/Cache/p/b/hdf5228868ffdc3ba/b/src/config/cmake/HDFTests.c
Linking C executable cmTC_b5372
/Users/runner/_work/imagingsuite/imagingsuite/Cache/p/cmake4982b1fbe8ce5/p/CMake.app/Contents/bin/cmake -E cmake_link_script CMakeFiles/cmTC_b5372.dir/link.txt --verbose=1
/Applications/Xcode_15.0.1.app/Contents/Developer/Toolchains/XcodeDefault.xctoolchain/usr/bin/cc  -arch arm64 -isysroot /Applications/Xcode_15.0.1.app/Contents/Developer/Platforms/MacOSX.platform/Developer/SDKs/MacOSX14.0.sdk -Wl,-search_paths_first -Wl,-headerpad_max_install_names CMakeFiles/cmTC_b5372.dir/HDFTests.c.o -o cmTC_b5372  -lm -ldl
ld: Undefined symbols:
  _main, referenced from:
      <initial-undefines>
clang: error: linker command failed with exit code 1 (use -v to see invocation)
make[1]: *** [cmTC_b5372] Error 1
make: *** [cmTC_b5372/fast] Error 2


Performing Other Test HAVE_STRUCT_TM_TM_ZONE failed with the following output:
Change Dir: '/Users/runner/_work/imagingsuite/imagingsuite/Cache/p/b/hdf5228868ffdc3ba/b/build/Release/CMakeFiles/CMakeTmp'

Run Build Command(s): /Users/runner/_work/imagingsuite/imagingsuite/Cache/p/cmake4982b1fbe8ce5/p/CMake.app/Contents/bin/cmake -E env VERBOSE=1 /usr/bin/make -f Makefile cmTC_0047f/fast
/Applications/Xcode_15.0.1.app/Contents/Developer/usr/bin/make  -f CMakeFiles/cmTC_0047f.dir/build.make CMakeFiles/cmTC_0047f.dir/build
Building C object CMakeFiles/cmTC_0047f.dir/HDFTests.c.o
/Applications/Xcode_15.0.1.app/Contents/Developer/Toolchains/XcodeDefault.xctoolchain/usr/bin/cc   -arch arm64 -isysroot /Applications/Xcode_15.0.1.app/Contents/Developer/Platforms/MacOSX.platform/Developer/SDKs/MacOSX14.0.sdk   -DHAVE_STRUCT_TM_TM_ZONE  -DHAVE_SYS_TIME_H -DHAVE_UNISTD_H -DHAVE_SYS_TYPES_H -DHAVE_SYS_SOCKET_H -MD -MT CMakeFiles/cmTC_0047f.dir/HDFTests.c.o -MF CMakeFiles/cmTC_0047f.dir/HDFTests.c.o.d -o CMakeFiles/cmTC_0047f.dir/HDFTests.c.o -c /Users/runner/_work/imagingsuite/imagingsuite/Cache/p/b/hdf5228868ffdc3ba/b/src/config/cmake/HDFTests.c
Linking C executable cmTC_0047f
/Users/runner/_work/imagingsuite/imagingsuite/Cache/p/cmake4982b1fbe8ce5/p/CMake.app/Contents/bin/cmake -E cmake_link_script CMakeFiles/cmTC_0047f.dir/link.txt --verbose=1
/Applications/Xcode_15.0.1.app/Contents/Developer/Toolchains/XcodeDefault.xctoolchain/usr/bin/cc  -arch arm64 -isysroot /Applications/Xcode_15.0.1.app/Contents/Developer/Platforms/MacOSX.platform/Developer/SDKs/MacOSX14.0.sdk -Wl,-search_paths_first -Wl,-headerpad_max_install_names CMakeFiles/cmTC_0047f.dir/HDFTests.c.o -o cmTC_0047f  -lm -ldl
ld: Undefined symbols:
  _main, referenced from:
      <initial-undefines>
clang: error: linker command failed with exit code 1 (use -v to see invocation)
make[1]: *** [cmTC_0047f] Error 1
make: *** [cmTC_0047f/fast] Error 2


Test H5_LDOUBLE_TO_LONG_SPECIAL Run failed with the following output and exit code:
 Change Dir: '/Users/runner/_work/imagingsuite/imagingsuite/Cache/p/b/hdf5228868ffdc3ba/b/build/Release/CMakeFiles/CMakeTmp'

Run Build Command(s): /Users/runner/_work/imagingsuite/imagingsuite/Cache/p/cmake4982b1fbe8ce5/p/CMake.app/Contents/bin/cmake -E env VERBOSE=1 /usr/bin/make -f Makefile cmTC_ffd54/fast
/Applications/Xcode_15.0.1.app/Contents/Developer/usr/bin/make  -f CMakeFiles/cmTC_ffd54.dir/build.make CMakeFiles/cmTC_ffd54.dir/build
Building C object CMakeFiles/cmTC_ffd54.dir/ConversionTests.c.o
/Applications/Xcode_15.0.1.app/Contents/Developer/Toolchains/XcodeDefault.xctoolchain/usr/bin/cc   -DH5_LDOUBLE_TO_LONG_SPECIAL_TEST -arch arm64 -isysroot /Applications/Xcode_15.0.1.app/Contents/Developer/Platforms/MacOSX.platform/Developer/SDKs/MacOSX14.0.sdk -MD -MT CMakeFiles/cmTC_ffd54.dir/ConversionTests.c.o -MF CMakeFiles/cmTC_ffd54.dir/ConversionTests.c.o.d -o CMakeFiles/cmTC_ffd54.dir/ConversionTests.c.o -c /Users/runner/_work/imagingsuite/imagingsuite/Cache/p/b/hdf5228868ffdc3ba/b/src/config/cmake/ConversionTests.c
Linking C executable cmTC_ffd54
/Users/runner/_work/imagingsuite/imagingsuite/Cache/p/cmake4982b1fbe8ce5/p/CMake.app/Contents/bin/cmake -E cmake_link_script CMakeFiles/cmTC_ffd54.dir/link.txt --verbose=1
/Applications/Xcode_15.0.1.app/Contents/Developer/Toolchains/XcodeDefault.xctoolchain/usr/bin/cc  -DH5_LDOUBLE_TO_LONG_SPECIAL_TEST -arch arm64 -isysroot /Applications/Xcode_15.0.1.app/Contents/Developer/Platforms/MacOSX.platform/Developer/SDKs/MacOSX14.0.sdk -Wl,-search_paths_first -Wl,-headerpad_max_install_names CMakeFiles/cmTC_ffd54.dir/ConversionTests.c.o -o cmTC_ffd54


Test H5_LONG_TO_LDOUBLE_SPECIAL Run failed with the following output and exit code:
 Change Dir: '/Users/runner/_work/imagingsuite/imagingsuite/Cache/p/b/hdf5228868ffdc3ba/b/build/Release/CMakeFiles/CMakeTmp'

Run Build Command(s): /Users/runner/_work/imagingsuite/imagingsuite/Cache/p/cmake4982b1fbe8ce5/p/CMake.app/Contents/bin/cmake -E env VERBOSE=1 /usr/bin/make -f Makefile cmTC_b2813/fast
/Applications/Xcode_15.0.1.app/Contents/Developer/usr/bin/make  -f CMakeFiles/cmTC_b2813.dir/build.make CMakeFiles/cmTC_b2813.dir/build
Building C object CMakeFiles/cmTC_b2813.dir/ConversionTests.c.o
/Applications/Xcode_15.0.1.app/Contents/Developer/Toolchains/XcodeDefault.xctoolchain/usr/bin/cc   -DH5_LONG_TO_LDOUBLE_SPECIAL_TEST -arch arm64 -isysroot /Applications/Xcode_15.0.1.app/Contents/Developer/Platforms/MacOSX.platform/Developer/SDKs/MacOSX14.0.sdk -MD -MT CMakeFiles/cmTC_b2813.dir/ConversionTests.c.o -MF CMakeFiles/cmTC_b2813.dir/ConversionTests.c.o.d -o CMakeFiles/cmTC_b2813.dir/ConversionTests.c.o -c /Users/runner/_work/imagingsuite/imagingsuite/Cache/p/b/hdf5228868ffdc3ba/b/src/config/cmake/ConversionTests.c
Linking C executable cmTC_b2813
/Users/runner/_work/imagingsuite/imagingsuite/Cache/p/cmake4982b1fbe8ce5/p/CMake.app/Contents/bin/cmake -E cmake_link_script CMakeFiles/cmTC_b2813.dir/link.txt --verbose=1
/Applications/Xcode_15.0.1.app/Contents/Developer/Toolchains/XcodeDefault.xctoolchain/usr/bin/cc  -DH5_LONG_TO_LDOUBLE_SPECIAL_TEST -arch arm64 -isysroot /Applications/Xcode_15.0.1.app/Contents/Developer/Platforms/MacOSX.platform/Developer/SDKs/MacOSX14.0.sdk -Wl,-search_paths_first -Wl,-headerpad_max_install_names CMakeFiles/cmTC_b2813.dir/ConversionTests.c.o -o cmTC_b2813


Test H5_DISABLE_SOME_LDOUBLE_CONV Run failed with the following output and exit code:
 Change Dir: '/Users/runner/_work/imagingsuite/imagingsuite/Cache/p/b/hdf5228868ffdc3ba/b/build/Release/CMakeFiles/CMakeTmp'

Run Build Command(s): /Users/runner/_work/imagingsuite/imagingsuite/Cache/p/cmake4982b1fbe8ce5/p/CMake.app/Contents/bin/cmake -E env VERBOSE=1 /usr/bin/make -f Makefile cmTC_c9962/fast
/Applications/Xcode_15.0.1.app/Contents/Developer/usr/bin/make  -f CMakeFiles/cmTC_c9962.dir/build.make CMakeFiles/cmTC_c9962.dir/build
Building C object CMakeFiles/cmTC_c9962.dir/ConversionTests.c.o
/Applications/Xcode_15.0.1.app/Contents/Developer/Toolchains/XcodeDefault.xctoolchain/usr/bin/cc   -DH5_DISABLE_SOME_LDOUBLE_CONV_TEST -arch arm64 -isysroot /Applications/Xcode_15.0.1.app/Contents/Developer/Platforms/MacOSX.platform/Developer/SDKs/MacOSX14.0.sdk -MD -MT CMakeFiles/cmTC_c9962.dir/ConversionTests.c.o -MF CMakeFiles/cmTC_c9962.dir/ConversionTests.c.o.d -o CMakeFiles/cmTC_c9962.dir/ConversionTests.c.o -c /Users/runner/_work/imagingsuite/imagingsuite/Cache/p/b/hdf5228868ffdc3ba/b/src/config/cmake/ConversionTests.c
Linking C executable cmTC_c9962
/Users/runner/_work/imagingsuite/imagingsuite/Cache/p/cmake4982b1fbe8ce5/p/CMake.app/Contents/bin/cmake -E cmake_link_script CMakeFiles/cmTC_c9962.dir/link.txt --verbose=1
/Applications/Xcode_15.0.1.app/Contents/Developer/Toolchains/XcodeDefault.xctoolchain/usr/bin/cc  -DH5_DISABLE_SOME_LDOUBLE_CONV_TEST -arch arm64 -isysroot /Applications/Xcode_15.0.1.app/Contents/Developer/Platforms/MacOSX.platform/Developer/SDKs/MacOSX14.0.sdk -Wl,-search_paths_first -Wl,-headerpad_max_install_names CMakeFiles/cmTC_c9962.dir/ConversionTests.c.o -o cmTC_c9962


